Users without NetID:
icb2@princeton.edu
jlb9@princeton.edu
manusm@princeton.edu
lfmartin@alumni.princeton.edu
iaj@princeton.edu
quanlinc@princeton.edu
cam19@princeton.edu
ogolev@alumni.princeton.edu
ryansung@princeton.edu
dshustin@princeton.edu
mjshih@alumni.princeton.edu
jsppupp@princeton.edu
dachshunduniverse@gmail.com
hvera@alumni.princeton.edu
tal5@princeton.edu
dbraga@princeton.edu
wgodfrey@princeton.edu
mikiahl@princeton.edu
mduong@princeton.edu
obono@princeton.edu
lpappert@princeton.edu
lw24@princeton.edu
thanhp@alumni.princeton.edu
ftking@princeton.edu
rapowell@princeton.edu
lmmaurer@princeton.edu
shaneb@princeton.edu
icebedo@princeton.edu
tberhane@princeton.edu
asm5@princeton.edu
carlz@princeton.edu
andrewmi@princeton.edu
cksegal@princeton.edu
jmc19@princeton.edu
farshad@princeton.edu
jpia@princeton.edu
khamaric@princeton.edu
sckimmel@princeton.edu
anikaa@princeton.edu
koniaris@princeton.edu
aidand@princeton.edu
ml44@princeton.edu
inieinie@princeton.edu
mag15@princeton.edu
jsleung@princeton.edu
vcobbs@princeton.edu
maxs@princeton.edu
jcurtin@princeton.edu
jaeminh@princeton.edu
ymangum@princeton.edu
bbergey@princeton.edu
ah47@princeton.edu
qstarkey@princeton.edu
onelson@princeton.edu
hhedley@alumni.princeton.edu
natashag@princeton.edu
leviw@princeton.edu
cpresten@princeton.edu
berretta@princeton.edu
mbilokur@princeton.edu
chiarav@princeton.edu
obolitho@princeton.edu
jms11@princeton.edu
arabih@princeton.edu
glporter@princeton.edu
enoble@princeton.edu
ac65@alumni.princeton.edu
brandonc@alumni.princeton.edu
xiaorunw@alumni.princeton.edu
zeyu@alumni.princeton.edu
hfrudit@princeton.edu
ec37@princeton.edu
enaider@princeton.edu
vhchu@princeton.edu
asabovic@princeton.edu
ccnelson@princeton.edu
arc5@princeton.edu
mahsvz@princeton.edu
gracetc@princeton.edu
khamou@princeton.edu
boweil@princeton.edu
annadn@princeton.edu
borromeo@princeton.edu
behrens@princeton.edu
hmacnab@princeton.edu
lkeeble@princeton.edu
sc83@princeton.edu
js133@princeton.edu
bns@princeton.edu
kem7@princeton.edu
esample@princeton.edu
ebutton@princeton.edu
jorgeeh@princeton.edu
el26@princeton.edu
tmenezes@princeton.edu
phaykel@princeton.edu
azacks@princeton.edu
spargman@alumni.princeton.edu
kascue@princeton.edu
alineu@princeton.edu
egiuffra@princeton.edu
sunghop@princeton.edu
ss89@princeton.edu
pkmorton@princeton.edu
db34@alumni.princeton.edu
nnadeem@princeton.edu
mmnorton@princeton.edu
ajbs@princeton.edu
vives@princeton.edu
parkerc@princeton.edu
lsablone@princeton.edu
evancc@princeton.edu
annajs@princeton.edu
myousufi@princeton.edu
mriddle@princeton.edu
mmastnak@princeton.edu
ericahn@princeton.edu
rtam@princeton.edu
jzp@princeton.edu
arfeiner@princeton.edu
apaulraj@princeton.edu
nobliney@princeton.edu
mtate@princeton.edu
fumar@princeton.edu
jhd2@princeton.edu
wgnash@princeton.edu
apkim@princeton.edu
wachong@princeton.edu
snyakea@princeton.edu
ngoodman@princeton.edu
dsolorio@princeton.edu
amychang@princeton.edu
oshinowo@princeton.edu
brand@princeton.edu
tmw3@princeton.edu
nrath@princeton.edu
abound@princeton.edu
rscaggs@princeton.edu
whitece@princeton.edu
mem20@princeton.edu
whaarlow@princeton.edu
xinziz@princeton.edu
sktaylor@princeton.edu
umalik@princeton.edu
wjdoyle@princeton.edu
agikonyo@princeton.edu
anazm@princeton.edu
skillian@princeton.edu
isabino@princeton.edu
mzigka@princeton.edu
janeec@princeton.edu
abzhang@princeton.edu
kycohen@princeton.edu
whs4@princeton.edu
soleilt@princeton.edu
cgliwa@princeton.edu
bdunlevy@princeton.edu
chloemw@princeton.edu
ffuria@alumni.princeton.edu
fcarter@alumni.princeton.edu
igrimm@princeton.edu
lalarsen@princeton.edu
sahall@princeton.edu
wporter@princeton.edu
jwille@princeton.edu
jw69@princeton.edu
kw26@princeton.edu
dflyer@princeton.edu
jaydenm@princeton.edu
smfox@princeton.edu
rezkalla@princeton.edu
mparada@princeton.edu
yiwenx@princeton.edu
ap36@princeton.edu
jadb@princeton.edu
jeg4@princeton.edu
knyarko@princeton.edu
ahaywood@princeton.edu
kareda@princeton.edu
jambaw@princeton.edu
oguntola@princeton.edu
jmc18@princeton.edu
jlmiller@princeton.edu
cr34@princeton.edu
magistro@princeton.edu
lfmartin@princeton.edu
danieljb@princeton.edu
awenk@princeton.edu
ashleyla@princeton.edu
msquires@princeton.edu
ekm4@princeton.edu
dcobrien@princeton.edu
diyak@princeton.edu
abiehl@princeton.edu
pvegna@princeton.edu
dvita@princeton.edu
baileyw@princeton.edu
afrahman@princeton.edu
mnd2@princeton.edu
sheetalb@princeton.edu
kselberg@princeton.edu
dvelden@princeton.edu
as98@princeton.edu
epokeefe@princeton.edu
bychan@alumni.princeton.edu
olnowich@princeton.edu
mcoene@princeton.edu
mparthur@princeton.edu
ams12@princeton.edu
janicemk@princeton.edu
poneal@princeton.edu
edockery@princeton.edu
lpowens@princeton.edu
cbade@princeton.edu
spargman@princeton.edu
sgotera@princeton.edu
saezdiez@princeton.edu
znell@princeton.edu
evelynrm@princeton.edu
epicminor360@gmail.com
scovin@princeton.edu
cecilys@princeton.edu
smirza@princeton.edu
jordanwj@princeton.edu
inicolae@princeton.edu
drs4@princeton.edu
ncervantes@alumni.princeton.edu
ryj@princeton.edu
evanwang@princeton.edu
lcbryant@princeton.edu
hw14@princeton.edu
jacoblm@princeton.edu
eag2@princeton.edu
silvanar@princeton.edu
cdawes@princeton.edu
houlahan@princeton.edu
taylory@princeton.edu
racioppi@princeton.edu
kmemis@princeton.edu
richavez@princeton.edu
gretah@princeton.edu
ayfan@princeton.edu
etkang@princeton.edu
arsharma@princeton.edu
sreetab@princeton.edu
ybiddle@princeton.edu
dsaha@princeton.edu
tikang@princeton.edu
colemany@princeton.edu
bjw6@princeton.edu
parashar@princeton.edu
etaggart@princeton.edu
mkillion@princeton.edu
kunalmis@princeton.edu
sy7@princeton.edu
pavva@princeton.edu
xsardina@princeton.edu
wquan@princeton.edu
sw42@princeton.edu
aawong@princeton.edu
thaop@princeton.edu
kreutzer@princeton.edu
valeriaz@princeton.edu
esc2@princeton.edu
bw22@princeton.edu
etsong@princeton.edu
db34@princeton.edu
ltt@princeton.edu
yparikh@princeton.edu
rauniyar@princeton.edu
alg4@princeton.edu
kerstinf@princeton.edu
rsinghi@princeton.edu
shirleyy@princeton.edu
rswamy@princeton.edu
taearl@princeton.edu
cwsun@princeton.edu
synapsecards@gmail.com
ntyp@alumni.princeton.edu
jshnyder@princeton.edu
xinyanh@princeton.edu
arinm@princeton.edu
hvalavi@princeton.edu
ngage@princeton.edu
sandrajc@princeton.edu
ewhall@princeton.edu
cuturela@princeton.edu
jk47@princeton.edu
ogolev@princeton.edu
gcaras@princeton.edu
btfinch@princeton.edu
jasminez@princeton.edu
cysohn@princeton.edu
alama@princeton.edu
ctmarks@princeton.edu
hyen@princeton.edu
pkozak@princeton.edu
katef@princeton.edu
jbyoon@princeton.edu
wilding@princeton.edu
jdapaah@princeton.edu
tsingei@princeton.edu
cmagnano@princeton.edu
jrbeyer@princeton.edu
lgose@princeton.edu
pmaloney@princeton.edu
amp4@princeton.edu
elbender@princeton.edu
oepstein@princeton.edu
mc66@princeton.edu
sc81@princeton.edu
fgalvis@princeton.edu
szelizer@princeton.edu
kdailey@princeton.edu
mks3@princeton.edu
ss82@princeton.edu
jarohrer@princeton.edu
merriman@princeton.edu
aparish@princeton.edu
acojab@princeton.edu
zhzhang@princeton.edu
ejr2@princeton.edu
sydneysj@princeton.edu
tb19@princeton.edu
lajayzia@princeton.edu
dfbrann@princeton.edu
katieyl@princeton.edu
bethanyv@princeton.edu
akkapoor@princeton.edu
sfng@princeton.edu
jc105@princeton.edu
bambetsa@princeton.edu
ykrebs@princeton.edu
adityam@princeton.edu
tejasg@princeton.edu
santelli@princeton.edu
anshb@princeton.edu
rbritt@princeton.edu
yfashanu@princeton.edu
evesely@princeton.edu
doseyemi@princeton.edu
al52@princeton.edu
msikder@princeton.edu
jgagnon@princeton.edu
sjkuo@princeton.edu
primus@princeton.edu
lshudson@princeton.edu
kbelilty@princeton.edu
shruthib@princeton.edu
dpiegaro@princeton.edu
lb14@princeton.edu
hiltunen@princeton.edu
blw2@princeton.edu
thng@princeton.edu
angpupp@princeton.edu
satchell@princeton.edu
nok@princeton.edu
ajim@princeton.edu
mollypt@princeton.edu
koblentz@princeton.edu
haoyil@princeton.edu
bzenker@princeton.edu
sunayj@princeton.edu
akchung@princeton.edu
esontarp@princeton.edu
jhl7@princeton.edu
lpang@princeton.edu
wgc3@princeton.edu
uzosike@princeton.edu
tw18@princeton.edu
hk6@princeton.edu
dtieshue@princeton.edu
hwcheng@princeton.edu
bsli@princeton.edu
mahyaf@princeton.edu
zvachal@princeton.edu
cdo@princeton.edu
shreya@princeton.edu
kgb2@princeton.edu
jslw@princeton.edu
kalenab@princeton.edu
tc22@princeton.edu
am78@princeton.edu
cjongh@princeton.edu
mhooks@princeton.edu
nikhila@princeton.edu
fionasl@princeton.edu
sfry@princeton.edu
ahasiura@princeton.edu
serianni@princeton.edu
seanpark@princeton.edu
rohitan@princeton.edu
anaikam@princeton.edu
muriithi@princeton.edu
jztang@princeton.edu
vikashm@princeton.edu
cp30@princeton.edu
qhowery@princeton.edu
ffuria@princeton.edu
cdrobles@princeton.edu
maek@princeton.edu
mchande@princeton.edu
akopf@princeton.edu
umenon@princeton.edu
yukk@princeton.edu
adelep@princeton.edu
eduardof@princeton.edu
lafp@princeton.edu
afijabi@princeton.edu
hulman@princeton.edu
abattar@princeton.edu
dvirk@princeton.edu
ajortiz@princeton.edu
rplatt@princeton.edu
truden@princeton.edu
merengwa@princeton.edu
mlw4@princeton.edu
avae@princeton.edu
mohitpal@princeton.edu
levr@princeton.edu
bboyd@princeton.edu
margauxm@princeton.edu
sydneyp@princeton.edu
cah12@princeton.edu
amyaa@princeton.edu
jx6@princeton.edu
akelch@princeton.edu
balfaro@princeton.edu
ytafesse@princeton.edu
rvuono@princeton.edu
ppimenta@princeton.edu
achesler@princeton.edu
shanaac@princeton.edu
clarat@princeton.edu
aytao@princeton.edu
mayub@princeton.edu
mayalj@princeton.edu
collado@princeton.edu
jc120@princeton.edu
ajji@princeton.edu
zsimon@princeton.edu
louisv@princeton.edu
zhliu@princeton.edu
df19@princeton.edu
labpupp@princeton.edu
liame@princeton.edu
calebs@princeton.edu
to5@princeton.edu
eroll@princeton.edu
carisk@princeton.edu
djd3@princeton.edu
nbelova@princeton.edu
eunenbat@princeton.edu
jlehner@princeton.edu
lucyhl@princeton.edu
ks44@princeton.edu
lmchan@princeton.edu
yep@princeton.edu
jlding@princeton.edu
abachman@princeton.edu
jglevy@princeton.edu
jiaweim@princeton.edu
amkumar@princeton.edu
nvaldman@princeton.edu
cabrooks@princeton.edu
laeoc@princeton.edu
bgorse@princeton.edu
mamusa@princeton.edu
hurwitch@princeton.edu
blou@princeton.edu
juliansg@princeton.edu
lilyk@princeton.edu
az8@princeton.edu
al51@princeton.edu
ghperez@princeton.edu
rrout@princeton.edu
jbohner@princeton.edu
youngseo@princeton.edu
thaldiya@princeton.edu
pemedina@princeton.edu
alambert@princeton.edu
kojik@princeton.edu
jiminl@princeton.edu
cbeidel@princeton.edu
esvoll@princeton.edu
jungp@princeton.edu
